This is pdfTeX, Version 3.14159265-2.6-1.40.20 (TeX Live 2019/Debian) (preloaded format=pdflatex 2020.11.14)  23 NOV 2020 16:51
entering extended mode
 restricted \write18 enabled.
 %&-line parsing enabled.
**main.tex
(./main.tex
LaTeX2e <2020-02-02> patch level 2
L3 programming layer <2020-02-14>

! LaTeX Error: File `ctexart.cls' not found.

Type X to quit or <RETURN> to proceed,
or enter new name. (Default extension: cls)

Enter file name: main.tex
(./main.tex

! LaTeX Error: Two \documentclass or \documentstyle commands.

See the LaTeX manual or LaTeX Companion for explanation.
Type  H <return>  for immediate help.
 ...                                              
                                                  
l.1 \documentclass[hyperref]{
                             ctexart}
? 
(/usr/share/texlive/texmf-dist/tex/latex/geometry/geometry.sty
Package: geometry 2020/01/02 v5.9 Page Geometry

(/usr/share/texlive/texmf-dist/tex/latex/graphics/keyval.sty
Package: keyval 2014/10/28 v1.15 key=value parser (DPC)
\KV@toks@=\toks14
)
(/usr/share/texlive/texmf-dist/tex/generic/iftex/ifvtex.sty
Package: ifvtex 2019/10/25 v1.7 ifvtex legacy package. Use iftex instead.

(/usr/share/texlive/texmf-dist/tex/generic/iftex/iftex.sty
Package: iftex 2019/11/07 v1.0c TeX engine tests
))
\Gm@cnth=\count167
\Gm@cntv=\count168
\c@Gm@tempcnt=\count169
\Gm@bindingoffset=\dimen134
\Gm@wd@mp=\dimen135
\Gm@odd@mp=\dimen136
\Gm@even@mp=\dimen137
\Gm@layoutwidth=\dimen138
\Gm@layoutheight=\dimen139
\Gm@layouthoffset=\dimen140
\Gm@layoutvoffset=\dimen141
\Gm@dimlist=\toks15


! Package geometry Error: \paperwidth (0.0pt) too short.

See the geometry package documentation for explanation.
Type  H <return>  for immediate help.
 ...                                              
                                                  
l.1006 \Gm@process
                  
? 

! Package geometry Error: \paperheight (0.0pt) too short.

See the geometry package documentation for explanation.
Type  H <return>  for immediate help.
 ...                                              
                                                  
l.1006 \Gm@process
                  
? 

Package geometry Warning: `width' results in NEGATIVE (-142.26376pt).
    `lmargin' or `rmargin' should be shortened in length.


Package geometry Warning: `height' results in NEGATIVE (-142.26376pt).
    `tmargin' or `bmargin' should be shortened in length.

) (/usr/share/texlive/texmf-dist/tex/latex/psnfss/helvet.sty
Package: helvet 2005/04/12 PSNFSS-v9.2a (WaS) 
)
(/usr/share/texlive/texmf-dist/tex/latex/amsmath/amsmath.sty
Package: amsmath 2020/01/20 v2.17e AMS math features
\@mathmargin=\skip47

For additional information on amsmath, use the `?' option.
(/usr/share/texlive/texmf-dist/tex/latex/amsmath/amstext.sty
Package: amstext 2000/06/29 v2.01 AMS text

(/usr/share/texlive/texmf-dist/tex/latex/amsmath/amsgen.sty
File: amsgen.sty 1999/11/30 v2.0 generic functions
\@emptytoks=\toks16
\ex@=\dimen142
))
(/usr/share/texlive/texmf-dist/tex/latex/amsmath/amsbsy.sty
Package: amsbsy 1999/11/29 v1.2d Bold Symbols
\pmbraise@=\dimen143
)
(/usr/share/texlive/texmf-dist/tex/latex/amsmath/amsopn.sty
Package: amsopn 2016/03/08 v2.02 operator names
)
\inf@bad=\count170
LaTeX Info: Redefining \frac on input line 227.
\uproot@=\count171
\leftroot@=\count172
LaTeX Info: Redefining \overline on input line 389.
\classnum@=\count173
\DOTSCASE@=\count174
LaTeX Info: Redefining \ldots on input line 486.
LaTeX Info: Redefining \dots on input line 489.
LaTeX Info: Redefining \cdots on input line 610.
\Mathstrutbox@=\box45
\strutbox@=\box46
\big@size=\dimen144
LaTeX Font Info:    Redeclaring font encoding OML on input line 733.
LaTeX Font Info:    Redeclaring font encoding OMS on input line 734.
\macc@depth=\count175
\c@MaxMatrixCols=\count176
\dotsspace@=\muskip16
\c@parentequation=\count177
\dspbrk@lvl=\count178
\tag@help=\toks17
\row@=\count179
\column@=\count180
\maxfields@=\count181
\andhelp@=\toks18
\eqnshift@=\dimen145
\alignsep@=\dimen146
\tagshift@=\dimen147
\tagwidth@=\dimen148
\totwidth@=\dimen149
\lineht@=\dimen150
\@envbody=\toks19
\multlinegap=\skip48
\multlinetaggap=\skip49
\mathdisplay@stack=\toks20
LaTeX Info: Redefining \[ on input line 2859.
LaTeX Info: Redefining \] on input line 2860.
)
(/usr/share/texlive/texmf-dist/tex/latex/amsfonts/amsfonts.sty
Package: amsfonts 2013/01/14 v3.01 Basic AMSFonts support
\symAMSa=\mathgroup4
\symAMSb=\mathgroup5
LaTeX Font Info:    Redeclaring math symbol \hbar on input line 98.
LaTeX Font Info:    Overwriting math alphabet `\mathfrak' in version `bold'
(Font)                  U/euf/m/n --> U/euf/b/n on input line 106.
)
(/usr/share/texlive/texmf-dist/tex/latex/amsfonts/amssymb.sty
Package: amssymb 2013/01/14 v3.01 AMS font symbols
)
(/usr/share/texlive/texmf-dist/tex/generic/babel/babel.sty
Package: babel 2020/02/14 3.40 The Babel package

(/usr/share/texlive/texmf-dist/tex/generic/babel/switch.def
File: switch.def 2020/02/14 3.40 Babel switching mechanism
)
(/usr/share/texlive/texmf-dist/tex/generic/babel-english/english.ldf
Language: english 2017/06/06 v3.3r English support from the babel system

(/usr/share/texlive/texmf-dist/tex/generic/babel/babel.def
File: babel.def 2020/02/14 3.40 Babel common definitions
\babel@savecnt=\count182
\U@D=\dimen151

(/usr/share/texlive/texmf-dist/tex/generic/babel/txtbabel.def)
\bbl@readstream=\read2
\bbl@dirlevel=\count183
)
Package babel Info: \l@british = using hyphenrules for english
(babel)             (\language0) on input line 82.
Package babel Info: \l@UKenglish = using hyphenrules for english
(babel)             (\language0) on input line 83.
Package babel Info: \l@canadian = using hyphenrules for english
(babel)             (\language0) on input line 102.
Package babel Info: \l@australian = using hyphenrules for english
(babel)             (\language0) on input line 105.
Package babel Info: \l@newzealand = using hyphenrules for english
(babel)             (\language0) on input line 108.
))
(/usr/share/texlive/texmf-dist/tex/latex/graphics/graphicx.sty
Package: graphicx 2019/11/30 v1.2a Enhanced LaTeX Graphics (DPC,SPQR)

(/usr/share/texlive/texmf-dist/tex/latex/graphics/graphics.sty
Package: graphics 2019/11/30 v1.4a Standard LaTeX Graphics (DPC,SPQR)

(/usr/share/texlive/texmf-dist/tex/latex/graphics/trig.sty
Package: trig 2016/01/03 v1.10 sin cos tan (DPC)
)
(/usr/share/texlive/texmf-dist/tex/latex/graphics-cfg/graphics.cfg
File: graphics.cfg 2016/06/04 v1.11 sample graphics configuration
)
Package graphics Info: Driver file: pdftex.def on input line 105.

(/usr/share/texlive/texmf-dist/tex/latex/graphics-def/pdftex.def
File: pdftex.def 2018/01/08 v1.0l Graphics/color driver for pdftex
))
\Gin@req@height=\dimen152
\Gin@req@width=\dimen153
)
(/usr/share/texlive/texmf-dist/tex/latex/url/url.sty
\Urlmuskip=\muskip17
Package: url 2013/09/16  ver 3.4  Verb mode for urls, etc.
)
(/usr/share/texlive/texmf-dist/tex/latex/tools/bm.sty
Package: bm 2019/07/24 v1.2d Bold Symbol Support (DPC/FMi)
\symboldoperators=\mathgroup6
\symboldletters=\mathgroup7
\symboldsymbols=\mathgroup8
LaTeX Font Info:    Redeclaring math alphabet \mathbf on input line 141.
LaTeX Info: Redefining \bm on input line 209.
)

! LaTeX Error: File `multirow.sty' not found.

Type X to quit or <RETURN> to proceed,
or enter new name. (Default extension: sty)

Enter file name: 
(/usr/share/texlive/texmf-dist/tex/latex/booktabs/booktabs.sty
Package: booktabs 2020/01/12 v1.61803398 Publication quality tables
\heavyrulewidth=\dimen154
\lightrulewidth=\dimen155
\cmidrulewidth=\dimen156
\belowrulesep=\dimen157
\belowbottomsep=\dimen158
\aboverulesep=\dimen159
\abovetopsep=\dimen160
\cmidrulesep=\dimen161
\cmidrulekern=\dimen162
\defaultaddspace=\dimen163
\@cmidla=\count184
\@cmidlb=\count185
\@aboverulesep=\dimen164
\@belowrulesep=\dimen165
\@thisruleclass=\count186
\@lastruleclass=\count187
\@thisrulewidth=\dimen166
)

! LaTeX Error: File `algorithm.sty' not found.

Type X to quit or <RETURN> to proceed,
or enter new name. (Default extension: sty)

Enter file name: 

! LaTeX Error: File `algorithmic.sty' not found.

Type X to quit or <RETURN> to proceed,
or enter new name. (Default extension: sty)

Enter file name: 

! LaTeX Error: Command \algorithmicrequire undefined.

See the LaTeX manual or LaTeX Companion for explanation.
Type  H <return>  for immediate help.
 ...                                              
                                                  
l.13 \renewcommand{\algorithmicrequire}
                                       { \textbf{Input:}}
? 

! LaTeX Error: Command \algorithmicensure undefined.

See the LaTeX manual or LaTeX Companion for explanation.
Type  H <return>  for immediate help.
 ...                                              
                                                  
l.14 \renewcommand{\algorithmicensure}
                                      { \textbf{Initialize:}}
? 

! LaTeX Error: Command \algorithmicreturn undefined.

See the LaTeX manual or LaTeX Companion for explanation.
Type  H <return>  for immediate help.
 ...                                              
                                                  
l.15 \renewcommand{\algorithmicreturn}
                                      { \textbf{Output:}}
? \]
Type <return> to proceed, S to scroll future error messages,
R to run without stopping, Q to run quietly,
I to insert something, E to edit your file,
1 or ... or 9 to ignore the next 1 to 9 tokens of input,
H for help, X to quit.
? 
(/usr/share/texlive/texmf-dist/tex/latex/fancyhdr/fancyhdr.sty
Package: fancyhdr 2019/01/31 v3.10 Extensive control of page headers and footer
s
\f@nch@headwidth=\skip50
\f@nch@O@elh=\skip51
\f@nch@O@erh=\skip52
\f@nch@O@olh=\skip53
\f@nch@O@orh=\skip54
\f@nch@O@elf=\skip55
\f@nch@O@erf=\skip56
\f@nch@O@olf=\skip57
\f@nch@O@orf=\skip58
)

! LaTeX Error: No counter 'section' defined.

See the LaTeX manual or LaTeX Companion for explanation.
Type  H <return>  for immediate help.
 ...                                              
                                                  
l.23 \setcounter{section}{-1}
                             
? 
(/usr/share/texlive/texmf-dist/tex/latex/hyperref/hyperref.sty
Package: hyperref 2020/01/14 v7.00d Hypertext links for LaTeX

(/usr/share/texlive/texmf-dist/tex/generic/ltxcmds/ltxcmds.sty
Package: ltxcmds 2019/12/15 v1.24 LaTeX kernel commands for general use (HO)
)
(/usr/share/texlive/texmf-dist/tex/latex/pdftexcmds/pdftexcmds.sty
Package: pdftexcmds 2019/11/24 v0.31 Utility functions of pdfTeX for LuaTeX (HO
)

(/usr/share/texlive/texmf-dist/tex/generic/infwarerr/infwarerr.sty
Package: infwarerr 2019/12/03 v1.5 Providing info/warning/error messages (HO)
)
Package pdftexcmds Info: \pdf@primitive is available.
Package pdftexcmds Info: \pdf@ifprimitive is available.
Package pdftexcmds Info: \pdfdraftmode found.
)
(/usr/share/texlive/texmf-dist/tex/generic/kvsetkeys/kvsetkeys.sty
Package: kvsetkeys 2019/12/15 v1.18 Key value parser (HO)
)
(/usr/share/texlive/texmf-dist/tex/generic/kvdefinekeys/kvdefinekeys.sty
Package: kvdefinekeys 2019-12-19 v1.6 Define keys (HO)
)
(/usr/share/texlive/texmf-dist/tex/generic/pdfescape/pdfescape.sty
Package: pdfescape 2019/12/09 v1.15 Implements pdfTeX's escape features (HO)
)
(/usr/share/texlive/texmf-dist/tex/latex/hycolor/hycolor.sty
Package: hycolor 2020-01-27 v1.10 Color options for hyperref/bookmark (HO)
)

! LaTeX Error: File `letltxmacro.sty' not found.

Type X to quit or <RETURN> to proceed,
or enter new name. (Default extension: sty)

Enter file name: 

LaTeX Warning: You have requested, on input line 132, version
               `2008/06/13' of package letltxmacro,
               but only version
               `'
               is available.

(/usr/share/texlive/texmf-dist/tex/latex/auxhook/auxhook.sty
Package: auxhook 2019-12-17 v1.6 Hooks for auxiliary files (HO)
)
(/usr/share/texlive/texmf-dist/tex/latex/kvoptions/kvoptions.sty
Package: kvoptions 2019/11/29 v3.13 Key value format for package options (HO)
)
\@linkdim=\dimen167
\Hy@linkcounter=\count188
\Hy@pagecounter=\count189

(/usr/share/texlive/texmf-dist/tex/latex/hyperref/pd1enc.def
File: pd1enc.def 2020/01/14 v7.00d Hyperref: PDFDocEncoding definition (HO)
Now handling font encoding PD1 ...
... no UTF-8 mapping file for font encoding PD1
)
(/usr/share/texlive/texmf-dist/tex/generic/intcalc/intcalc.sty
Package: intcalc 2019/12/15 v1.3 Expandable calculations with integers (HO)
)
(/usr/share/texlive/texmf-dist/tex/generic/etexcmds/etexcmds.sty
Package: etexcmds 2019/12/15 v1.7 Avoid name clashes with e-TeX commands (HO)
)
\Hy@SavedSpaceFactor=\count190
\pdfmajorversion=\count191
Package hyperref Info: Hyper figures OFF on input line 4547.
Package hyperref Info: Link nesting OFF on input line 4552.
Package hyperref Info: Hyper index ON on input line 4555.
Package hyperref Info: Plain pages OFF on input line 4562.
Package hyperref Info: Backreferencing OFF on input line 4567.
Package hyperref Info: Implicit mode ON; LaTeX internals redefined.
Package hyperref Info: Bookmarks ON on input line 4800.
\c@Hy@tempcnt=\count192
LaTeX Info: Redefining \url on input line 5159.
\XeTeXLinkMargin=\dimen168

(/usr/share/texlive/texmf-dist/tex/generic/bitset/bitset.sty
Package: bitset 2019/12/09 v1.3 Handle bit-vector datatype (HO)

(/usr/share/texlive/texmf-dist/tex/generic/bigintcalc/bigintcalc.sty
Package: bigintcalc 2019/12/15 v1.5 Expandable calculations on big integers (HO
)
))
\Fld@menulength=\count193
\Field@Width=\dimen169
\Fld@charsize=\dimen170
Package hyperref Info: Hyper figures OFF on input line 6430.
Package hyperref Info: Link nesting OFF on input line 6435.
Package hyperref Info: Hyper index ON on input line 6438.
Package hyperref Info: backreferencing OFF on input line 6445.
Package hyperref Info: Link coloring OFF on input line 6450.
Package hyperref Info: Link coloring with OCG OFF on input line 6455.
Package hyperref Info: PDF/A mode OFF on input line 6460.

! Undefined control sequence.
l.6499 \LetLtxMacro
                   \NoHy@OrgRef\ref
? 
! Undefined control sequence.
l.6499 \LetLtxMacro\NoHy@OrgRef
                               \ref
? 
! Missing \endcsname inserted.
<to be read again> 
                   \let 
l.6500 \DeclareRobustCommand
                            *{\ref}{%
? 

! LaTeX Error: Missing \begin{document}.

See the LaTeX manual or LaTeX Companion for explanation.
Type  H <return>  for immediate help.
 ...                                              
                                                  
l.6500 \DeclareRobustCommand
                            *{\ref}{%
? 
! Undefined control sequence.
<write> ...erence `\reserved@d ' on page \thepage 
                                                  \space undefined\on@line .
l.6500 \DeclareRobustCommand
                            *{\ref}{%
? 

LaTeX Warning: Reference `\reserved@d ' on page  undefined on input line 6500.

Missing character: There is no = in font nullfont!
Missing character: There is no * in font nullfont!
LaTeX Info: Redefining \endcsname on input line 6500.
! Missing \endcsname inserted.
<to be read again> 
                   \protect 
l.6500 \DeclareRobustCommand
                            *{\ref}{%
? 
! Missing \endcsname inserted.
<to be read again> 
                   \protect 
l.6500 \DeclareRobustCommand*{\ref}
                                   {%
? 
LaTeX Info: Redefining \ref on input line 6500.
! Missing \endcsname inserted.
<to be read again> 
                   \protect 
l.6500 \DeclareRobustCommand*{\ref}
                                   {%
? 
! Missing \endcsname inserted.
<to be read again> 
                   \protect 
l.6500 \DeclareRobustCommand*{\ref}
                                   {%
? 
! Undefined control sequence.
\reserved@b ->\NoHy@OrgRef 
                           
l.6502 }
        
? 
! Undefined control sequence.
l.6503 \LetLtxMacro
                   \NoHy@OrgPageRef\pageref
? 
! Undefined control sequence.
l.6503 \LetLtxMacro\NoHy@OrgPageRef
                                   \pageref
? 
! Missing \endcsname inserted.
<to be read again> 
                   \let 
l.6504 \DeclareRobustCommand
                            *{\pageref}{%
? 
! Missing \endcsname inserted.
<to be read again> 
                   \protect 
l.6504 \DeclareRobustCommand
                            *{\pageref}{%
? 
! Missing \endcsname inserted.
<to be read again> 
                   \protect 
l.6504 \DeclareRobustCommand
                            *{\pageref}{%
? 
! Missing \endcsname inserted.
<to be read again> 
                   \protect 
l.6504 \DeclareRobustCommand
                            *{\pageref}{%
? 
! Missing \endcsname inserted.
<to be read again> 
                   \protect 
l.6504 \DeclareRobustCommand
                            *{\pageref}{%
? 
! Missing \endcsname inserted.
<to be read again> 
                   \protect 
l.6504 \DeclareRobustCommand
                            *{\pageref}{%
? 
! Missing \endcsname inserted.
<to be read again> 
                   \protect 
l.6504 \DeclareRobustCommand
                            *{\pageref}{%
? 
! Missing \endcsname inserted.
<to be read again> 
                   \protect 
l.6504 \DeclareRobustCommand
                            *{\pageref}{%
? 
! Missing \endcsname inserted.
<to be read again> 
                   \protect 
l.6504 \DeclareRobustCommand
                            *{\pageref}{%
? 
! Missing \endcsname inserted.
<to be read again> 
                   \protect 
l.6504 \DeclareRobustCommand
                            *{\pageref}{%
? 

! LaTeX Error: Command \expandafter unavailable in encoding .

See the LaTeX manual or LaTeX Companion for explanation.
Type  H <return>  for immediate help.
 ...                                              
                                                  
l.6504 \DeclareRobustCommand
                            *{\pageref}{%
? 
! Missing \endcsname inserted.
<to be read again> 
                   \protect 
l.6504 \DeclareRobustCommand
                            *{\pageref}{%
? 
! Missing \endcsname inserted.
<to be read again> 
                   \protect 
l.6504 \DeclareRobustCommand
                            *{\pageref}{%
? 
! Missing \endcsname inserted.
<to be read again> 
                   \protect 
l.6504 \DeclareRobustCommand
                            *{\pageref}{%
? 
! Missing \endcsname inserted.
<to be read again> 
                   \protect 
l.6504 \DeclareRobustCommand
                            *{\pageref}{%
? 
! Missing \endcsname inserted.
<to be read again> 
                   \protect 
l.6504 \DeclareRobustCommand
                            *{\pageref}{%
? 
! Missing \endcsname inserted.
<to be read again> 
                   \protect 
l.6504 \DeclareRobustCommand
                            *{\pageref}{%
? 
! Missing \endcsname inserted.
<to be read again> 
                   \protect 
l.6504 \DeclareRobustCommand
                            *{\pageref}{%
? 
! Missing \endcsname inserted.
<to be read again> 
                   \protect 
l.6504 \DeclareRobustCommand
                            *{\pageref}{%
? 

! LaTeX Error: Command \protect unavailable in encoding .

See the LaTeX manual or LaTeX Companion for explanation.
Type  H <return>  for immediate help.
 ...                                              
                                                  
l.6504 \DeclareRobustCommand
                            *{\pageref}{%
? 
! Missing \endcsname inserted.
<to be read again> 
                   \protect 
l.6504 \DeclareRobustCommand
                            *{\pageref}{%
? 
! Missing \endcsname inserted.
<to be read again> 
                   \protect 
l.6504 \DeclareRobustCommand
                            *{\pageref}{%
? 
! Missing \endcsname inserted.
<to be read again> 
                   \protect 
l.6504 \DeclareRobustCommand
                            *{\pageref}{%
? 
! Missing \endcsname inserted.
<to be read again> 
                   \protect 
l.6504 \DeclareRobustCommand
                            *{\pageref}{%
? 
! Missing \endcsname inserted.
<to be read again> 
                   \protect 
l.6504 \DeclareRobustCommand
                            *{\pageref}{%
? 
! Missing \endcsname inserted.
<to be read again> 
                   \protect 
l.6504 \DeclareRobustCommand
                            *{\pageref}{%
? 
! Missing \endcsname inserted.
<to be read again> 
                   \protect 
l.6504 \DeclareRobustCommand
                            *{\pageref}{%
? 
! Missing \endcsname inserted.
<to be read again> 
                   \protect 
l.6504 \DeclareRobustCommand
                            *{\pageref}{%
? 
! Undefined control sequence.
<write> ...erence `\reserved@d ' on page \thepage 
                                                  \space undefined\on@line .
l.6504 \DeclareRobustCommand
                            *{\pageref}{%
? 

LaTeX Warning: Reference `\reserved@d ' on page  undefined on input line 6504.

Missing character: There is no = in font nullfont!
Missing character: There is no * in font nullfont!
! Missing \endcsname inserted.
<to be read again> 
                   \protect 
l.6504 \DeclareRobustCommand
                            *{\pageref}{%
? 
LaTeX Info: Redefining \endcsname on input line 6504.
! Missing \endcsname inserted.
<to be read again> 
                   \protect 
l.6504 \DeclareRobustCommand
                            *{\pageref}{%
? 
! Missing \endcsname inserted.
<to be read again> 
                   \protect 
l.6504 \DeclareRobustCommand
                            *{\pageref}{%
? 
Missing character: There is no * in font nullfont!
! Argument of \pageref  has an extra }.
<inserted text> 
                \par 
l.6504 \DeclareRobustCommand*{\pageref}
                                       {%
? 
Runaway argument?
! Paragraph ended before \pageref  was complete.
<to be read again> 
                   \par 
l.6504 \DeclareRobustCommand*{\pageref}
                                       {%
? 

Overfull \hbox (30.86105pt too wide) in paragraph at lines 6500--6504
[][]
 []


Overfull \hbox (10.86105pt too wide) in paragraph at lines 6500--6504
[] 
 []

! Undefined control sequence.
\reserved@b ->\NoHy@OrgPageRef 
                               
l.6506 }
        
? 
! Missing \endcsname inserted.
<to be read again> 
                   \protect 
l.6631 \Hy@DisableOption{pdfusetitle}
                                     
? 
! Missing \endcsname inserted.
<to be read again> 
                   \protect 
l.6631 \Hy@DisableOption{pdfusetitle}
                                     
? 
! Missing \endcsname inserted.
<to be read again> 
                   \protect 
l.6631 \Hy@DisableOption{pdfusetitle}
                                     
? 
! Missing \endcsname inserted.
<to be read again> 
                   \protect 
l.6631 \Hy@DisableOption{pdfusetitle}
                                     
? 
! Missing \endcsname inserted.
<to be read again> 
                   \protect 
l.6631 \Hy@DisableOption{pdfusetitle}
                                     
? 
! Missing \endcsname inserted.
<to be read again> 
                   \protect 
l.6657 \RequirePackage{atbegshi}[2007/09/09]
                                            
? 
! Missing \endcsname inserted.
<to be read again> 
                   \protect 
l.6657 \RequirePackage{atbegshi}[2007/09/09]
                                            
? 
! Missing \endcsname inserted.
<to be read again> 
                   \protect 
l.6657 \RequirePackage{atbegshi}[2007/09/09]
                                            
? 
! Missing \endcsname inserted.
<to be read again> 
                   \protect 
l.6657 \RequirePackage{atbegshi}[2007/09/09]
                                            
? 
! Missing \endcsname inserted.
<to be read again> 
                   \protect 
l.6657 \RequirePackage{atbegshi}[2007/09/09]
                                            
? 
! Missing \endcsname inserted.
<to be read again> 
                   \protect 
l.6657 \RequirePackage{atbegshi}[2007/09/09]
                                            
? 
! Missing endcsname inserted.
<to be read again> 
                   protect 
l.6657 \RequirePackage{atbegshi}[2007/09/09]
                                            
? 
! Missing \endcsname inserted.
<to be read again> 
                   \protect 
l.6657 \RequirePackage{atbegshi}[2007/09/09]
                                            
? 

! LaTeX Error: Missing \begin{document}.

See the LaTeX manual or LaTeX Companion for explanation.
Type  H <return>  for immediate help.
 ...                                              
                                                  
l.6657 \RequirePackage{atbegshi}[2007/09/09]
                                            
? 
Missing character: There is no " in font nullfont!
(/usr/share/texlive/texmf-dist/tex/generic/atbegshi/atbegshi.sty
! Missing \endcsname inserted.
<to be read again> 
                   \protect 
l.56 ...dafter\x\csname ver@atbegshi.sty\endcsname
                                                  
? 
! Missing \endcsname inserted.
<to be read again> 
                   \protect 
l.92 ...after\ifx\csname ProvidesPackage\endcsname
                                                  \relax
? 
! Missing \endcsname inserted.
<to be read again> 
                   \protect 
l.108 ...after\x\csname ver@atbegshi.sty\endcsname
                                                  
? 
! Missing \endcsname inserted.
<to be read again> 
                   \protect 
l.110 ...9/12/05 v1.19 At begin shipout hook (HO)]
                                                  %
? 
Package: atbegshi 2019/12/05 v1.19 At begin shipout hook (HO)
! Missing \endcsname inserted.
<to be read again> 
                   \protect 
l.129 \x
        \catcode61\catcode48\catcode32=10\relax%
? 
! Use of \AtBegShi@AtEnd doesn't match its definition.
\TMP@EnsureCode ...tEnd {\AtBegShi@AtEnd \catcode 
                                                  #1=\the \catcode #1\relax ...
l.143 \TMP@EnsureCode{40}{12}
                             % (
? 
! Missing \endcsname inserted.
<to be read again> 
                   \protect 
l.156 ...after\ifx\csname RequirePackage\endcsname
                                                  \relax
? 
! Missing \endcsname inserted.
<to be read again> 
                   \protect 
l.166   \RequirePackage{infwarerr}[2007/09/09]
                                              %
? 
! Missing \endcsname inserted.
<to be read again> 
                   \protect 
l.166   \RequirePackage{infwarerr}[2007/09/09]
                                              %
? 
! Missing \endcsname inserted.
<to be read again> 
                   \protect 
l.166   \RequirePackage{infwarerr}[2007/09/09]
                                              %
? 
! Missing \endcsname inserted.
<to be read again> 
                   \protect 
l.166   \RequirePackage{infwarerr}[2007/09/09]
                                              %
? 
! Missing \endcsname inserted.
<to be read again> 
                   \protect 
l.166   \RequirePackage{infwarerr}[2007/09/09]
                                              %
? 
Missing character: There is no 2 in font nullfont!
Missing character: There is no 0 in font nullfont!
Missing character: There is no 0 in font nullfont!
Missing character: There is no 7 in font nullfont!
Missing character: There is no / in font nullfont!
Missing character: There is no 0 in font nullfont!
Missing character: There is no 9 in font nullfont!
Missing character: There is no / in font nullfont!
Missing character: There is no 0 in font nullfont!
Missing character: There is no 9 in font nullfont!
! Missing \endcsname inserted.
<to be read again> 
                   \protect 
l.166   \RequirePackage{infwarerr}[2007/09/09]
                                              %
? 
Runaway text?

LaTeX Warning: You have requested, on input line 166, version
        \ETC.
! Forbidden control sequence found while scanning text of \write.
<inserted text> 
                }
l.166   \RequirePackage{infwarerr}[2007/09/09]
                                              %
? 
Runaway text?

LaTeX Warning: You have requested, on input line 166, version
        \ETC.
! Forbidden control sequence found while scanning text of \write.
<inserted text> 
                }
l.166   \RequirePackage{infwarerr}[2007/09/09]
                                              %
? 
Runaway text?

LaTeX Warning: You have requested, on input line 166, version
        \ETC.
! Forbidden control sequence found while scanning text of \write.
<inserted text> 
                }
l.166   \RequirePackage{infwarerr}[2007/09/09]
                                              %
? 
Runaway text?

LaTeX Warning: You have requested, on input line 166, version
        \ETC.
! Forbidden control sequence found while scanning text of \write.
<inserted text> 
                }
l.166   \RequirePackage{infwarerr}[2007/09/09]
                                              %
? 
Runaway text?

LaTeX Warning: You have requested, on input line 166, version
        \ETC.
! Forbidden control sequence found while scanning text of \write.
<inserted text> 
                }
l.166   \RequirePackage{infwarerr}[2007/09/09]
                                              %
? 
Runaway text?

LaTeX Warning: You have requested, on input line 166, version
        \ETC.
! Forbidden control sequence found while scanning text of \write.
<inserted text> 
                }
l.166   \RequirePackage{infwarerr}[2007/09/09]
                                              %
? 
Runaway text?

LaTeX Warning: You have requested, on input line 166, version
        \ETC.
! Forbidden control sequence found while scanning text of \write.
<inserted text> 
                }
l.166   \RequirePackage{infwarerr}[2007/09/09]
                                              %
? 
Runaway text?

LaTeX Warning: You have requested, on input line 166, version
        \ETC.
! Forbidden control sequence found while scanning text of \write.
<inserted text> 
                }
l.166   \RequirePackage{infwarerr}[2007/09/09]
                                              %
? 
Runaway text?

LaTeX Warning: You have requested, on input line 166, version
        \ETC.
! Forbidden control sequence found while scanning text of \write.
<inserted text> 
                }
l.166   \RequirePackage{infwarerr}[2007/09/09]
                                              %
? 
Runaway text?

LaTeX Warning: You have requested, on input line 166, version
        \ETC.
! Forbidden control sequence found while scanning text of \write.
<inserted text> 
                }
l.166   \RequirePackage{infwarerr}[2007/09/09]
                                              %
? 
Runaway text?

LaTeX Warning: You have requested, on input line 166, version
        \ETC.
! Forbidden control sequence found while scanning text of \write.
<inserted text> 
                }
l.166   \RequirePackage{infwarerr}[2007/09/09]
                                              %
? 
Runaway text?

LaTeX Warning: You have requested, on input line 166, version
        \ETC.
! Forbidden control sequence found while scanning text of \write.
<inserted text> 
                }
l.166   \RequirePackage{infwarerr}[2007/09/09]
                                              %
? 
Runaway text?

LaTeX Warning: You have requested, on input line 166, version
        \ETC.
! Forbidden control sequence found while scanning text of \write.
<inserted text> 
                }
l.166   \RequirePackage{infwarerr}[2007/09/09]
                                              %
? 
Runaway text?

LaTeX Warning: You have requested, on input line 166, version
        \ETC.
! Forbidden control sequence found while scanning text of \write.
<inserted text> 
                }
l.166   \RequirePackage{infwarerr}[2007/09/09]
                                              %
? 
Runaway text?

LaTeX Warning: You have requested, on input line 166, version
        \ETC.
! Forbidden control sequence found while scanning text of \write.
<inserted text> 
                }
l.166   \RequirePackage{infwarerr}[2007/09/09]
                                              %
? 
Runaway text?

LaTeX Warning: You have requested, on input line 166, version
        \ETC.
! Forbidden control sequence found while scanning text of \write.
<inserted text> 
                }
l.166   \RequirePackage{infwarerr}[2007/09/09]
                                              %
? 
Runaway text?

LaTeX Warning: You have requested, on input line 166, version
        \ETC.
! Forbidden control sequence found while scanning text of \write.
<inserted text> 
                }
l.166   \RequirePackage{infwarerr}[2007/09/09]
                                              %
? 
Runaway text?

LaTeX Warning: You have requested, on input line 166, version
        \ETC.
! Forbidden control sequence found while scanning text of \write.
<inserted text> 
                }
l.166   \RequirePackage{infwarerr}[2007/09/09]
                                              %
? 
Runaway text?

LaTeX Warning: You have requested, on input line 166, version
        \ETC.
! Forbidden control sequence found while scanning text of \write.
<inserted text> 
                }
l.166   \RequirePackage{infwarerr}[2007/09/09]
                                              %
? 
Runaway text?

LaTeX Warning: You have requested, on input line 166, version
        \ETC.
! Forbidden control sequence found while scanning text of \write.
<inserted text> 
                }
l.166   \RequirePackage{infwarerr}[2007/09/09]
                                              %
? 
Runaway text?

LaTeX Warning: You have requested, on input line 166, version
        \ETC.
! Forbidden control sequence found while scanning text of \write.
<inserted text> 
                }
l.166   \RequirePackage{infwarerr}[2007/09/09]
                                              %
? 
Runaway text?

LaTeX Warning: You have requested, on input line 166, version
        \ETC.
! Forbidden control sequence found while scanning text of \write.
<inserted text> 
                }
l.166   \RequirePackage{infwarerr}[2007/09/09]
                                              %
? 
Runaway text?

LaTeX Warning: You have requested, on input line 166, version
        \ETC.
! Forbidden control sequence found while scanning text of \write.
<inserted text> 
                }
l.166   \RequirePackage{infwarerr}[2007/09/09]
                                              %
? 
Runaway text?

LaTeX Warning: You have requested, on input line 166, version
        \ETC.
! Forbidden control sequence found while scanning text of \write.
<inserted text> 
                }
l.166   \RequirePackage{infwarerr}[2007/09/09]
                                              %
? 
Runaway text?

LaTeX Warning: You have requested, on input line 166, version
        \ETC.
! Forbidden control sequence found while scanning text of \write.
<inserted text> 
                }
l.166   \RequirePackage{infwarerr}[2007/09/09]
                                              %
? 
Runaway text?

LaTeX Warning: You have requested, on input line 166, version
        \ETC.
! Forbidden control sequence found while scanning text of \write.
<inserted text> 
                }
l.166   \RequirePackage{infwarerr}[2007/09/09]
                                              %
? 
Runaway text?

LaTeX Warning: You have requested, on input line 166, version
        \ETC.
! Forbidden control sequence found while scanning text of \write.
<inserted text> 
                }
l.166   \RequirePackage{infwarerr}[2007/09/09]
                                              %
? 
Runaway text?

LaTeX Warning: You have requested, on input line 166, version
        \ETC.
! Forbidden control sequence found while scanning text of \write.
<inserted text> 
                }
l.166   \RequirePackage{infwarerr}[2007/09/09]
                                              %
? 
Runaway text?

LaTeX Warning: You have requested, on input line 166, version
        \ETC.
! Forbidden control sequence found while scanning text of \write.
<inserted text> 
                }
l.166   \RequirePackage{infwarerr}[2007/09/09]
                                              %
? 
Runaway text?

LaTeX Warning: You have requested, on input line 166, version
        \ETC.
! Forbidden control sequence found while scanning text of \write.
<inserted text> 
                }
l.166   \RequirePackage{infwarerr}[2007/09/09]
                                              %
? 
Runaway text?

LaTeX Warning: You have requested, on input line 166, version
        \ETC.
! Forbidden control sequence found while scanning text of \write.
<inserted text> 
                }
l.166   \RequirePackage{infwarerr}[2007/09/09]
                                              %
? 
Runaway text?

LaTeX Warning: You have requested, on input line 166, version
        \ETC.
! Forbidden control sequence found while scanning text of \write.
<inserted text> 
                }
l.166   \RequirePackage{infwarerr}[2007/09/09]
                                              %
? 
Runaway text?

LaTeX Warning: You have requested, on input line 166, version
        \ETC.
! Forbidden control sequence found while scanning text of \write.
<inserted text> 
                }
l.166   \RequirePackage{infwarerr}[2007/09/09]
                                              %
? 
Runaway text?

LaTeX Warning: You have requested, on input line 166, version
        \ETC.
! Forbidden control sequence found while scanning text of \write.
<inserted text> 
                }
l.166   \RequirePackage{infwarerr}[2007/09/09]
                                              %
? 
Runaway text?

LaTeX Warning: You have requested, on input line 166, version
        \ETC.
! Forbidden control sequence found while scanning text of \write.
<inserted text> 
                }
l.166   \RequirePackage{infwarerr}[2007/09/09]
                                              %
? 
Runaway text?

LaTeX Warning: You have requested, on input line 166, version
        \ETC.
! Forbidden control sequence found while scanning text of \write.
<inserted text> 
                }
l.166   \RequirePackage{infwarerr}[2007/09/09]
                                              %
? 
Runaway text?

LaTeX Warning: You have requested, on input line 166, version
        \ETC.
! Forbidden control sequence found while scanning text of \write.
<inserted text> 
                }
l.166   \RequirePackage{infwarerr}[2007/09/09]
                                              %
? 
Runaway text?

LaTeX Warning: You have requested, on input line 166, version
        \ETC.
! Forbidden control sequence found while scanning text of \write.
<inserted text> 
                }
l.166   \RequirePackage{infwarerr}[2007/09/09]
                                              %
? 
Runaway text?

LaTeX Warning: You have requested, on input line 166, version
        \ETC.
! Forbidden control sequence found while scanning text of \write.
<inserted text> 
                }
l.166   \RequirePackage{infwarerr}[2007/09/09]
                                              %
? 
Runaway text?

LaTeX Warning: You have requested, on input line 166, version
        \ETC.
! Forbidden control sequence found while scanning text of \write.
<inserted text> 
                }
l.166   \RequirePackage{infwarerr}[2007/09/09]
                                              %
? 
Runaway text?

LaTeX Warning: You have requested, on input line 166, version
        \ETC.
! Forbidden control sequence found while scanning text of \write.
<inserted text> 
                }
l.166   \RequirePackage{infwarerr}[2007/09/09]
                                              %
? 
! Interruption.
<to be read again> 
                   \endwrite 
l.166   \RequirePackage{infwarerr}[2007/09/09]
                                              %
? 
Runaway text?

LaTeX Warning: You have requested, on input line 166, version
        \ETC.
! Forbidden control sequence found while scanning text of \write.
<inserted text> 
                }
l.166   \RequirePackage{infwarerr}[2007/09/09]
                                              %
? 
Runaway text?

LaTeX Warning: You have requested, on input line 166, version
        \ETC.
! Forbidden control sequence found while scanning text of \write.
<inserted text> 
                }
l.166   \RequirePackage{infwarerr}[2007/09/09]
                                              %
? 
Runaway text?

LaTeX Warning: You have requested, on input line 166, version
        \ETC.
! Forbidden control sequence found while scanning text of \write.
<inserted text> 
                }
l.166   \RequirePackage{infwarerr}[2007/09/09]
                                              %
? 
Runaway text?

LaTeX Warning: You have re